2025.12.10 08:46:29 INFO  Started: Metals version 1.6.4 in folders '/home/mhicks/projects/open/scantivy' for client Cursor 1.105.1.[0m
2025.12.10 08:46:29 WARN  Using H2 2.4.240 which is newer than the version Flyway has been verified with. The latest verified version of H2 is 2.3.232.[0m
2025.12.10 10:12:30 INFO  Shutting down server[0m
2025.12.10 10:12:30 INFO  shutting down Metals[0m
2025.12.10 10:12:30 INFO  Exiting server[0m
2025.12.10 10:12:302025.12.10 10:12:42 INFO  Started: Metals version 1.6.4 in folders '/home/mhicks/projects/open/scantivy' for client Cursor 1.105.1.[0m
2025.12.10 10:12:43 WARN  Using H2 2.4.240 which is newer than the version Flyway has been verified with. The latest verified version of H2 is 2.3.232.[0m
2025.12.10 10:23:00 INFO  no build target found for /home/mhicks/projects/open/scantivy/scala/project/plugins.sbt. Using presentation compiler with project's scala-library version: 3.3.6[0m
2025.12.10 10:23:00 INFO  no build target found for /home/mhicks/projects/open/scantivy/scala/project/plugins.sbt. Using presentation compiler with project's scala-library version: 3.3.6[0m
2025.12.10 10:38:17 INFO  no build target found for /home/mhicks/projects/open/scantivy/scala/project/plugins.sbt. Using presentation compiler with project's scala-library version: 3.3.6[0m
2025.12.10 10:38:17 INFO  no build target found for /home/mhicks/projects/open/scantivy/scala/project/plugins.sbt. Using presentation compiler with project's scala-library version: 3.3.6[0m
2025.12.10 10:38:17 INFO  no build target found for /home/mhicks/projects/open/scantivy/scala/project/plugins.sbt. Using presentation compiler with project's scala-library version: 3.3.6[0m
2025.12.10 10:38:20 INFO  no build target found for /home/mhicks/projects/open/scantivy/scala/project/plugins.sbt. Using presentation compiler with project's scala-library version: 3.3.6[0m
2025.12.10 10:38:20 WARN  no build target for: /home/mhicks/projects/open/scantivy/scala/project/plugins.sbt[0m
2025.12.10 10:38:28 INFO  no build target found for /home/mhicks/projects/open/scantivy/scala/build.sbt. Using presentation compiler with project's scala-library version: 3.3.6[0m
2025.12.10 10:38:34 INFO  no build target found for /home/mhicks/projects/open/scantivy/scala/build.sbt. Using presentation compiler with project's scala-library version: 3.3.6[0m
2025.12.10 10:38:34 INFO  no build target found for /home/mhicks/projects/open/scantivy/scala/build.sbt. Using presentation compiler with project's scala-library version: 3.3.6[0m
2025.12.10 10:38:36 INFO  no build target found for /home/mhicks/projects/open/scantivy/scala/build.sbt. Using presentation compiler with project's scala-library version: 3.3.6[0m
2025.12.10 10:38:36 INFO  no build target found for /home/mhicks/projects/open/scantivy/scala/build.sbt. Using presentation compiler with project's scala-library version: 3.3.6[0m
2025.12.10 10:38:39 INFO  no build target found for /home/mhicks/projects/open/scantivy/scala/build.sbt. Using presentation compiler with project's scala-library version: 3.3.6[0m
2025.12.10 10:38:39 INFO  no build target found for /home/mhicks/projects/open/scantivy/scala/build.sbt. Using presentation compiler with project's scala-library version: 3.3.6[0m
2025.12.10 10:38:40 INFO  no build target found for /home/mhicks/projects/open/scantivy/scala/build.sbt. Using presentation compiler with project's scala-library version: 3.3.6[0m
2025.12.10 10:38:40 INFO  no build target found for /home/mhicks/projects/open/scantivy/scala/build.sbt. Using presentation compiler with project's scala-library version: 3.3.6[0m
2025.12.10 10:38:43 WARN  no build target for: /home/mhicks/projects/open/scantivy/scala/project/plugins.sbt[0m
2025.12.10 10:38:46 WARN  no build target for: /home/mhicks/projects/open/scantivy/scala/build.sbt[0m
2025.12.10 10:38:51 INFO  no build target found for /home/mhicks/projects/open/scantivy/scala/build.sbt. Using presentation compiler with project's scala-library version: 3.3.6[0m
2025.12.10 10:38:51 INFO  no build target found for /home/mhicks/projects/open/scantivy/scala/build.sbt. Using presentation compiler with project's scala-library version: 3.3.6[0m
2025.12.10 10:38:53 INFO  no build target found for /home/mhicks/projects/open/scantivy/scala/build.sbt. Using presentation compiler with project's scala-library version: 3.3.6[0m
2025.12.10 10:45:12 INFO  no build target found for /home/mhicks/projects/open/scantivy/scala/src/main/scala/scantivy/TantivyIndex.scala. Using presentation compiler with project's scala-library version: 3.3.6[0m
2025.12.10 10:45:21 INFO  no build target found for /home/mhicks/projects/open/scantivy/scala/src/main/scala/scantivy/TantivyIndex.scala. Using presentation compiler with project's scala-library version: 3.3.6[0m
2025.12.10 10:45:31 INFO  no build target found for /home/mhicks/projects/open/scantivy/scala/src/main/scala/scantivy/TantivyIndex.scala. Using presentation compiler with project's scala-library version: 3.3.6[0m
2025.12.10 10:45:58 WARN  no build target for: /home/mhicks/projects/open/scantivy/scala/src/main/scala/scantivy/TantivyIndex.scala[0m
2025.12.10 10:45:58 INFO  no build target found for /home/mhicks/projects/open/scantivy/scala/src/main/scala/scantivy/TantivyIndex.scala. Using presentation compiler with project's scala-library version: 3.3.6[0m
2025.12.10 11:00:05 INFO  no build target found for /home/mhicks/projects/open/scantivy/scala/build.sbt. Using presentation compiler with project's scala-library version: 3.3.6[0m
2025.12.10 11:00:05 INFO  no build target found for /home/mhicks/projects/open/scantivy/scala/build.sbt. Using presentation compiler with project's scala-library version: 3.3.6[0m
2025.12.10 11:00:06 INFO  no build target found for /home/mhicks/projects/open/scantivy/scala/build.sbt. Using presentation compiler with project's scala-library version: 3.3.6[0m
2025.12.10 11:01:11 INFO  no build target found for /home/mhicks/projects/open/scantivy/scala/build.sbt. Using presentation compiler with project's scala-library version: 3.3.6[0m
2025.12.10 11:01:38 INFO  no build target found for /home/mhicks/projects/open/scantivy/scala/build.sbt. Using presentation compiler with project's scala-library version: 3.3.6[0m
2025.12.10 11:01:38 WARN  no build target for: /home/mhicks/projects/open/scantivy/scala/build.sbt[0m
2025.12.10 11:01:38 WARN  no build target for: /home/mhicks/projects/open/scantivy/scala/src/test/scala/scantivy/TantivyProtoSpec.scala[0m
2025.12.10 11:01:38 INFO  no build target found for /home/mhicks/projects/open/scantivy/scala/src/test/scala/scantivy/TantivyProtoSpec.scala. Using presentation compiler with project's scala-library version: 3.3.6[0m
2025.12.10 11:07:04 INFO  no build target found for /home/mhicks/projects/open/scantivy/scala/build.sbt. Using presentation compiler with project's scala-library version: 3.3.6[0m
2025.12.10 11:07:04 INFO  no build target found for /home/mhicks/projects/open/scantivy/scala/build.sbt. Using presentation compiler with project's scala-library version: 3.3.6[0m
2025.12.10 11:07:04 INFO  no build target found for /home/mhicks/projects/open/scantivy/scala/build.sbt. Using presentation compiler with project's scala-library version: 3.3.6[0m
2025.12.10 12:00:40 INFO  no build target found for /home/mhicks/projects/open/scantivy/scala/build.sbt. Using presentation compiler with project's scala-library version: 3.3.6[0m
2025.12.10 12:00:45 INFO  Shutting down server[0m
2025.12.10 12:00:45 INFO  shutting down Metals[0m
2025.12.10 12:00:45 ERROR Unexpected error initializing server: 
org.eclipse.lsp4j.jsonrpc.ResponseErrorException: Request window/showMessageRequest failed with message: Canceled
	at org.eclipse.lsp4j.jsonrpc.RemoteEndpoint.handleResponse(RemoteEndpoint.java:220)
	at org.eclipse.lsp4j.jsonrpc.RemoteEndpoint.consume(RemoteEndpoint.java:204)
	at org.eclipse.lsp4j.jsonrpc.json.StreamMessageProducer.handleMessage(StreamMessageProducer.java:185)
	at org.eclipse.lsp4j.jsonrpc.json.StreamMessageProducer.listen(StreamMessageProducer.java:97)
	at org.eclipse.lsp4j.jsonrpc.json.ConcurrentMessageProcessor.run(ConcurrentMessageProcessor.java:114)
	at java.util.concurrent.Executors$RunnableAdapter.call(Executors.java:545)
	at java.util.concurrent.FutureTask.run(FutureTask.java:328)
	at java.util.concurrent.ThreadPoolExecutor.runWorker(ThreadPoolExecutor.java:1090)
	at java.util.concurrent.ThreadPoolExecutor$Worker.run(ThreadPoolExecutor.java:614)
	at java.lang.Thread.run(Thread.java:1474)
[0m
2025.12.10 12:00:45 INFO  Exiting server[0m
